TN:
SF:src\components\UserForm.vue
FN:18,(anonymous_0)
FN:28,(anonymous_1)
FN:29,(anonymous_2)
FN:31,(anonymous_3)
FN:35,(anonymous_4)
FN:37,(anonymous_5)
FN:41,(anonymous_6)
FN:45,(anonymous_7)
FN:48,(anonymous_8)
FNF:9
FNH:8
FNDA:6,(anonymous_0)
FNDA:6,(anonymous_1)
FNDA:0,(anonymous_2)
FNDA:6,(anonymous_3)
FNDA:6,(anonymous_4)
FNDA:5,(anonymous_5)
FNDA:1,(anonymous_6)
FNDA:6,(anonymous_7)
FNDA:12,(anonymous_8)
DA:19,6
DA:20,6
DA:22,6
DA:26,6
DA:27,6
DA:28,6
DA:29,0
DA:31,6
DA:35,6
DA:36,6
DA:38,5
DA:39,5
DA:42,1
DA:45,6
DA:46,6
DA:48,12
DA:49,6
DA:50,6
LF:18
LH:17
BRDA:38,0,0,5
BRDA:38,0,1,0
BRF:2
BRH:1
end_of_record
TN:
SF:src\core\constants\appConstants.ts
FN:2,(anonymous_0)
FN:8,(anonymous_1)
FNF:2
FNH:2
FNDA:1,(anonymous_0)
FNDA:1,(anonymous_1)
DA:2,1
DA:3,1
DA:4,1
DA:5,1
DA:8,1
DA:9,1
DA:10,1
DA:11,1
DA:12,1
DA:13,1
DA:14,1
DA:15,1
DA:16,1
DA:17,1
DA:18,1
DA:21,1
LF:16
LH:16
BRDA:6,0,0,1
BRDA:6,0,1,1
BRDA:19,1,0,1
BRDA:19,1,1,1
BRF:4
BRH:4
end_of_record
TN:
SF:src\core\constants\commonType.ts
FNF:0
FNH:0
LF:0
LH:0
BRF:0
BRH:0
end_of_record
TN:
SF:src\core\dto\codeDto.ts
FN:6,(anonymous_0)
FNF:1
FNH:0
FNDA:0,(anonymous_0)
DA:7,0
DA:8,0
DA:9,0
LF:3
LH:0
BRDA:7,0,0,0
BRDA:7,0,1,0
BRDA:8,1,0,0
BRDA:8,1,1,0
BRDA:9,2,0,0
BRDA:9,2,1,0
BRF:6
BRH:0
end_of_record
TN:
SF:src\core\dto\userDto.ts
FN:8,(anonymous_0)
FNF:1
FNH:1
FNDA:6,(anonymous_0)
DA:9,6
DA:10,6
DA:11,6
DA:12,6
DA:13,6
DA:14,6
LF:6
LH:6
BRDA:9,0,0,6
BRDA:9,0,1,6
BRDA:10,1,0,6
BRDA:10,1,1,0
BRDA:11,2,0,6
BRDA:11,2,1,0
BRDA:12,3,0,6
BRDA:12,3,1,0
BRDA:13,4,0,6
BRDA:13,4,1,0
BRDA:14,5,0,6
BRDA:14,5,1,0
BRF:12
BRH:7
end_of_record
TN:
SF:src\core\services\api.service.ts
FN:10,(anonymous_0)
FN:12,(anonymous_1)
FN:15,(anonymous_2)
FN:28,(anonymous_3)
FN:42,(anonymous_4)
FN:53,(anonymous_5)
FN:64,(anonymous_6)
FNF:7
FNH:0
FNDA:0,(anonymous_0)
FNDA:0,(anonymous_1)
FNDA:0,(anonymous_2)
FNDA:0,(anonymous_3)
FNDA:0,(anonymous_4)
FNDA:0,(anonymous_5)
FNDA:0,(anonymous_6)
DA:3,1
DA:10,1
DA:11,0
DA:13,0
DA:15,1
DA:16,0
DA:17,0
DA:19,0
DA:21,0
DA:23,0
DA:25,0
DA:27,0
DA:29,0
DA:34,1
DA:43,0
DA:54,0
DA:65,0
LF:17
LH:4
BRDA:11,0,0,0
BRDA:11,0,1,0
BRDA:17,1,0,0
BRDA:17,1,1,0
BRDA:17,1,2,0
BRDA:17,1,3,0
BRF:6
BRH:0
end_of_record
TN:
SF:src\core\utils\commonUtils.ts
FN:8,(anonymous_0)
FNF:1
FNH:0
FNDA:0,(anonymous_0)
DA:9,0
LF:1
LH:0
BRDA:9,0,0,0
BRDA:9,0,1,0
BRF:2
BRH:0
end_of_record
TN:
SF:src\core\utils\toastUtils.ts
FN:3,(anonymous_0)
FN:6,(anonymous_1)
FN:13,(anonymous_2)
FN:20,(anonymous_3)
FN:27,(anonymous_4)
FN:34,(anonymous_5)
FNF:6
FNH:0
FNDA:0,(anonymous_0)
FNDA:0,(anonymous_1)
FNDA:0,(anonymous_2)
FNDA:0,(anonymous_3)
FNDA:0,(anonymous_4)
FNDA:0,(anonymous_5)
DA:4,0
DA:7,0
DA:14,0
DA:21,0
DA:28,0
DA:35,0
LF:6
LH:0
BRF:0
BRH:0
end_of_record
TN:
SF:src\ui\atoms\UiInput.vue
FN:19,(anonymous_0)
FN:33,(anonymous_1)
FN:50,(anonymous_2)
FN:55,(anonymous_3)
FN:62,(anonymous_4)
FN:67,(anonymous_5)
FN:70,(anonymous_6)
FN:73,(anonymous_7)
FN:73,(anonymous_8)
FN:78,(anonymous_9)
FNF:10
FNH:5
FNDA:24,(anonymous_0)
FNDA:25,(anonymous_1)
FNDA:0,(anonymous_2)
FNDA:0,(anonymous_3)
FNDA:0,(anonymous_4)
FNDA:0,(anonymous_5)
FNDA:0,(anonymous_6)
FNDA:25,(anonymous_7)
FNDA:1,(anonymous_8)
FNDA:25,(anonymous_9)
DA:20,24
DA:21,24
DA:23,24
DA:33,24
DA:34,25
DA:35,6
DA:37,19
DA:39,24
DA:40,24
DA:41,24
DA:42,0
DA:50,24
DA:51,0
DA:52,0
DA:53,0
DA:54,0
DA:55,0
DA:56,0
DA:57,0
DA:59,0
DA:62,24
DA:63,0
DA:64,0
DA:65,0
DA:67,24
DA:68,0
DA:70,24
DA:71,0
DA:73,25
DA:74,1
DA:75,1
DA:78,25
DA:79,24
DA:80,24
LF:34
LH:20
BRDA:34,0,0,6
BRDA:34,0,1,19
BRDA:35,1,0,6
BRDA:35,1,1,0
BRDA:37,2,0,19
BRDA:37,2,1,0
BRDA:41,3,0,0
BRDA:41,3,1,24
BRDA:56,4,0,0
BRDA:56,4,1,0
BRDA:74,5,0,1
BRDA:74,5,1,0
BRF:12
BRH:6
end_of_record
TN:
SF:src\ui\atoms\UiLabel.vue
FN:10,(anonymous_0)
FN:13,(anonymous_1)
FNF:2
FNH:1
FNDA:30,(anonymous_0)
FNDA:0,(anonymous_1)
DA:11,30
DA:12,30
DA:13,30
DA:14,30
DA:15,30
DA:16,30
LF:6
LH:6
BRF:0
BRH:0
end_of_record
