TN:
SF:src\components\UserForm.vue
FN:18,(anonymous_0)
FN:28,(anonymous_1)
FN:29,(anonymous_2)
FN:31,(anonymous_3)
FN:35,(anonymous_4)
FN:37,(anonymous_5)
FN:41,(anonymous_6)
FN:45,(anonymous_7)
FN:48,(anonymous_8)
FNF:9
FNH:8
FNDA:3,(anonymous_0)
FNDA:3,(anonymous_1)
FNDA:0,(anonymous_2)
FNDA:3,(anonymous_3)
FNDA:3,(anonymous_4)
FNDA:2,(anonymous_5)
FNDA:1,(anonymous_6)
FNDA:3,(anonymous_7)
FNDA:5,(anonymous_8)
DA:19,3
DA:20,3
DA:22,3
DA:26,3
DA:27,3
DA:28,3
DA:29,0
DA:31,3
DA:35,3
DA:36,3
DA:38,2
DA:39,2
DA:42,1
DA:45,3
DA:46,3
DA:48,5
DA:49,3
DA:50,3
LF:18
LH:17
BRDA:38,0,0,2
BRDA:38,0,1,0
BRF:2
BRH:1
end_of_record
TN:
SF:src\core\constants\appConstants.ts
FN:2,(anonymous_0)
FN:8,(anonymous_1)
FNF:2
FNH:2
FNDA:1,(anonymous_0)
FNDA:1,(anonymous_1)
DA:2,1
DA:3,1
DA:4,1
DA:5,1
DA:8,1
DA:9,1
DA:10,1
DA:11,1
DA:12,1
DA:13,1
DA:14,1
DA:15,1
DA:16,1
DA:17,1
DA:18,1
DA:21,1
LF:16
LH:16
BRDA:6,0,0,1
BRDA:6,0,1,1
BRDA:19,1,0,1
BRDA:19,1,1,1
BRF:4
BRH:4
end_of_record
TN:
SF:src\core\constants\commonType.ts
FNF:0
FNH:0
LF:0
LH:0
BRF:0
BRH:0
end_of_record
TN:
SF:src\core\dto\codeDto.ts
FN:6,(anonymous_0)
FNF:1
FNH:0
FNDA:0,(anonymous_0)
DA:7,0
DA:8,0
DA:9,0
LF:3
LH:0
BRDA:7,0,0,0
BRDA:7,0,1,0
BRDA:8,1,0,0
BRDA:8,1,1,0
BRDA:9,2,0,0
BRDA:9,2,1,0
BRF:6
BRH:0
end_of_record
TN:
SF:src\core\dto\userDto.ts
FN:8,(anonymous_0)
FNF:1
FNH:1
FNDA:3,(anonymous_0)
DA:9,3
DA:10,3
DA:11,3
DA:12,3
DA:13,3
DA:14,3
LF:6
LH:6
BRDA:9,0,0,3
BRDA:9,0,1,3
BRDA:10,1,0,3
BRDA:10,1,1,0
BRDA:11,2,0,3
BRDA:11,2,1,0
BRDA:12,3,0,3
BRDA:12,3,1,0
BRDA:13,4,0,3
BRDA:13,4,1,0
BRDA:14,5,0,3
BRDA:14,5,1,0
BRF:12
BRH:7
end_of_record
TN:
SF:src\core\services\api.service.ts
FN:10,(anonymous_0)
FN:12,(anonymous_1)
FN:15,(anonymous_2)
FN:28,(anonymous_3)
FN:42,(anonymous_4)
FN:53,(anonymous_5)
FN:64,(anonymous_6)
FNF:7
FNH:0
FNDA:0,(anonymous_0)
FNDA:0,(anonymous_1)
FNDA:0,(anonymous_2)
FNDA:0,(anonymous_3)
FNDA:0,(anonymous_4)
FNDA:0,(anonymous_5)
FNDA:0,(anonymous_6)
DA:3,1
DA:10,1
DA:11,0
DA:13,0
DA:15,1
DA:16,0
DA:17,0
DA:19,0
DA:21,0
DA:23,0
DA:25,0
DA:27,0
DA:29,0
DA:34,1
DA:43,0
DA:54,0
DA:65,0
LF:17
LH:4
BRDA:11,0,0,0
BRDA:11,0,1,0
BRDA:17,1,0,0
BRDA:17,1,1,0
BRDA:17,1,2,0
BRDA:17,1,3,0
BRF:6
BRH:0
end_of_record
TN:
SF:src\core\utils\commonUtils.ts
FN:8,(anonymous_0)
FNF:1
FNH:0
FNDA:0,(anonymous_0)
DA:9,0
LF:1
LH:0
BRDA:9,0,0,0
BRDA:9,0,1,0
BRF:2
BRH:0
end_of_record
TN:
SF:src\core\utils\toastUtils.ts
FN:3,(anonymous_0)
FN:6,(anonymous_1)
FN:13,(anonymous_2)
FN:20,(anonymous_3)
FN:27,(anonymous_4)
FN:34,(anonymous_5)
FNF:6
FNH:0
FNDA:0,(anonymous_0)
FNDA:0,(anonymous_1)
FNDA:0,(anonymous_2)
FNDA:0,(anonymous_3)
FNDA:0,(anonymous_4)
FNDA:0,(anonymous_5)
DA:4,0
DA:7,0
DA:14,0
DA:21,0
DA:28,0
DA:35,0
LF:6
LH:0
BRF:0
BRH:0
end_of_record
TN:
SF:src\ui\atoms\UiInput.vue
FN:19,(anonymous_0)
FN:33,(anonymous_1)
FN:50,(anonymous_2)
FN:55,(anonymous_3)
FN:62,(anonymous_4)
FN:67,(anonymous_5)
FN:70,(anonymous_6)
FN:73,(anonymous_7)
FN:73,(anonymous_8)
FN:78,(anonymous_9)
FNF:10
FNH:4
FNDA:12,(anonymous_0)
FNDA:12,(anonymous_1)
FNDA:0,(anonymous_2)
FNDA:0,(anonymous_3)
FNDA:0,(anonymous_4)
FNDA:0,(anonymous_5)
FNDA:0,(anonymous_6)
FNDA:12,(anonymous_7)
FNDA:0,(anonymous_8)
FNDA:12,(anonymous_9)
DA:20,12
DA:21,12
DA:23,12
DA:33,12
DA:34,12
DA:35,3
DA:37,9
DA:39,12
DA:40,12
DA:41,12
DA:42,0
DA:50,12
DA:51,0
DA:52,0
DA:53,0
DA:54,0
DA:55,0
DA:56,0
DA:57,0
DA:59,0
DA:62,12
DA:63,0
DA:64,0
DA:65,0
DA:67,12
DA:68,0
DA:70,12
DA:71,0
DA:73,12
DA:74,0
DA:75,0
DA:78,12
DA:79,12
DA:80,12
LF:34
LH:18
BRDA:34,0,0,3
BRDA:34,0,1,9
BRDA:35,1,0,3
BRDA:35,1,1,0
BRDA:37,2,0,9
BRDA:37,2,1,0
BRDA:41,3,0,0
BRDA:41,3,1,12
BRDA:56,4,0,0
BRDA:56,4,1,0
BRDA:74,5,0,0
BRDA:74,5,1,0
BRF:12
BRH:5
end_of_record
TN:
SF:src\ui\atoms\UiLabel.vue
FN:10,(anonymous_0)
FN:13,(anonymous_1)
FNF:2
FNH:1
FNDA:15,(anonymous_0)
FNDA:0,(anonymous_1)
DA:11,15
DA:12,15
DA:13,15
DA:14,15
DA:15,15
DA:16,15
LF:6
LH:6
BRF:0
BRH:0
end_of_record
